<?xml version="1.0" encoding="UTF-8"?>
<coverage generated="1772557302590" clover="3.2.0">
  <project timestamp="1772557302590" name="All files">
    <metrics statements="2" coveredstatements="2" conditionals="1" coveredconditionals="1" methods="1" coveredmethods="1" elements="4" coveredelements="4" complexity="0" loc="2" ncloc="2" packages="1" files="1" classes="1"/>
    <file name="Button.jsx" path="D:\React\new-react\task-manager-dashboard\src\components\Button.jsx">
      <metrics statements="2" coveredstatements="2" conditionals="1" coveredconditionals="1" methods="1" coveredmethods="1"/>
      <line num="1" count="1" type="cond" truecount="1" falsecount="0"/>
      <line num="2" count="1" type="stmt"/>
    </file>
  </project>
</coverage>
