{"D:\\React\\new-react\\task-manager-dashboard\\src\\components\\Button.jsx": {"path":"D:\\React\\new-react\\task-manager-dashboard\\src\\components\\Button.jsx","statementMap":{"0":{"start":{"line":1,"column":15},"end":{"line":3,"column":null}},"1":{"start":{"line":2,"column":2},"end":{"line":2,"column":null}}},"fnMap":{"0":{"name":"(anonymous_0)","decl":{"start":{"line":1,"column":15},"end":{"line":1,"column":16}},"loc":{"start":{"line":1,"column":54},"end":{"line":3,"column":null}},"line":1}},"branchMap":{"0":{"loc":{"start":{"line":1,"column":33},"end":{"line":1,"column":48}},"type":"default-arg","locations":[{"start":{"line":1,"column":45},"end":{"line":1,"column":48}}],"line":1}},"s":{"0":1,"1":1},"f":{"0":1},"b":{"0":[1]},"meta":{"lastBranch":1,"lastFunction":1,"lastStatement":2,"seen":{"s:1:15:3:Infinity":0,"f:1:15:1:16":0,"b:1:45:1:48":0,"s:2:2:2:Infinity":1}}}
}
